2023-03-27T21:12:34.117Z INFO  [rust_nes_emulator::rom_parser] Parsing ROM: 6502asm_programs/greenscreen.nes
2023-03-27T21:12:34.118Z DEBUG [rust_nes_emulator::rom_parser] iNES header: Header {
    prg_rom_size: 2,
    chr_rom_size: 1,
    mapper: 0,
    mirroring: HORIZONTAL,
    battery_prg_ram: false,
    trainer: false,
    ignore_mirroring_control: false,
    vs_unit_system: false,
    play_choise_10: false,
    nes2_format: false,
    prg_ram_size: 0,
    flags9_tv_system: NTSC,
    flags10_tv_system: NTSC,
    prg_ram_not_present: false,
    bus_conflicts: false,
}
2023-03-27T21:12:34.120Z DEBUG [rust_nes_emulator::rom_parser] PRG ROM size: 32KB
2023-03-27T21:12:34.120Z DEBUG [rust_nes_emulator::rom_parser] First 16 bytes of PRG ROM: [40, 40, 78, D8, A2, 0, 8E, 0, 20, 8E, 1, 20, 2C, 2, 20, 10]        
2023-03-27T21:12:34.120Z DEBUG [rust_nes_emulator::rom_parser] Last 16 bytes of PRG ROM: [0, 0, 0, 0, 0, 0, 0, 0, 0, 0, 1, 80, 2, 80, 0, 80]
2023-03-27T21:12:34.121Z DEBUG [rust_nes_emulator::rom_parser] CHR ROM size: 8KB
2023-03-27T21:12:34.121Z DEBUG [rust_nes_emulator::cpu::cpu] Reset interrupt called
2023-03-27T21:12:34.121Z DEBUG [rust_nes_emulator::cpu::cpu] Jumping to interrupt address: 0x8002
2023-03-27T21:12:34.122Z DEBUG [rust_nes_emulator::cpu::cpu] Tick, cycle: 8
2023-03-27T21:12:34.122Z DEBUG [rust_nes_emulator::cpu::cpu] A: 0x0,    X: 0x0, Y: 0x0, S: 0xFF,        PC: 0x8002,     P: NV-BDIZC 00100000
2023-03-27T21:12:34.122Z DEBUG [rust_nes_emulator::cpu::cpu] 0x78: SEI  IMPLIED Bytes: 1, Cycles: 2, Oops cycle: No
2023-03-27T21:12:34.122Z DEBUG [rust_nes_emulator::cpu::cpu] Tick, cycle: 10
2023-03-27T21:12:34.123Z DEBUG [rust_nes_emulator::cpu::cpu] A: 0x0,    X: 0x0, Y: 0x0, S: 0xFF,        PC: 0x8003,     P: NV-BDIZC 00100100
2023-03-27T21:12:34.123Z DEBUG [rust_nes_emulator::cpu::cpu] 0xD8: CLD  IMPLIED Bytes: 1, Cycles: 2, Oops cycle: No
2023-03-27T21:12:34.123Z DEBUG [rust_nes_emulator::cpu::cpu] Tick, cycle: 12
2023-03-27T21:12:34.123Z DEBUG [rust_nes_emulator::cpu::cpu] A: 0x0,    X: 0x0, Y: 0x0, S: 0xFF,        PC: 0x8004,     P: NV-BDIZC 00100100
2023-03-27T21:12:34.123Z DEBUG [rust_nes_emulator::cpu::cpu] 0xA2: LDX  IMMEDIATE       Bytes: 2, Cycles: 2, Oops cycle: No
2023-03-27T21:12:34.124Z DEBUG [rust_nes_emulator::cpu::cpu] Fetched immediate: 0x0
2023-03-27T21:12:34.124Z DEBUG [rust_nes_emulator::cpu::cpu] Tick, cycle: 14
2023-03-27T21:12:34.124Z DEBUG [rust_nes_emulator::cpu::cpu] A: 0x0,    X: 0x0, Y: 0x0, S: 0xFF,        PC: 0x8006,     P: NV-BDIZC 00100110
2023-03-27T21:12:34.124Z DEBUG [rust_nes_emulator::cpu::cpu] 0x8E: STX  ABSOLUTE        Bytes: 3, Cycles: 4, Oops cycle: No
2023-03-27T21:12:34.124Z DEBUG [rust_nes_emulator::mapper] Writing to MappedIO, address: 0x2000, data: 0x0
2023-03-27T21:12:34.125Z DEBUG [rust_nes_emulator::cpu::cpu] Tick, cycle: 18
2023-03-27T21:12:34.125Z DEBUG [rust_nes_emulator::cpu::cpu] A: 0x0,    X: 0x0, Y: 0x0, S: 0xFF,        PC: 0x8009,     P: NV-BDIZC 00100110
2023-03-27T21:12:34.125Z DEBUG [rust_nes_emulator::cpu::cpu] 0x8E: STX  ABSOLUTE        Bytes: 3, Cycles: 4, Oops cycle: No
2023-03-27T21:12:34.125Z DEBUG [rust_nes_emulator::mapper] Writing to MappedIO, address: 0x2001, data: 0x0
2023-03-27T21:12:34.126Z DEBUG [rust_nes_emulator::cpu::cpu] Tick, cycle: 22
2023-03-27T21:12:34.126Z DEBUG [rust_nes_emulator::cpu::cpu] A: 0x0,    X: 0x0, Y: 0x0, S: 0xFF,        PC: 0x800C,     P: NV-BDIZC 00100110
2023-03-27T21:12:34.126Z DEBUG [rust_nes_emulator::cpu::cpu] 0x2C: BIT  ABSOLUTE        Bytes: 3, Cycles: 4, Oops cycle: No
2023-03-27T21:12:34.126Z DEBUG [rust_nes_emulator::mapper] Reading from MappedIO, address: 0x2002
2023-03-27T21:12:34.126Z DEBUG [rust_nes_emulator::cpu::cpu] Fetched absolute: 0x0
2023-03-27T21:12:34.127Z DEBUG [rust_nes_emulator::cpu::cpu] Tick, cycle: 26
2023-03-27T21:12:34.127Z DEBUG [rust_nes_emulator::cpu::cpu] A: 0x0,    X: 0x0, Y: 0x0, S: 0xFF,        PC: 0x800F,     P: NV-BDIZC 00100110
2023-03-27T21:12:34.127Z DEBUG [rust_nes_emulator::cpu::cpu] 0x10: BPL  RELATIVE        Bytes: 2, Cycles: 2, Oops cycle: Yes
2023-03-27T21:12:34.127Z DEBUG [rust_nes_emulator::cpu::cpu] Relative offset: -5
2023-03-27T21:12:34.128Z DEBUG [rust_nes_emulator::cpu::cpu] Tick, cycle: 28
2023-03-27T21:12:34.128Z DEBUG [rust_nes_emulator::cpu::cpu] A: 0x0,    X: 0x0, Y: 0x0, S: 0xFF,        PC: 0x800C,     P: NV-BDIZC 00100110
2023-03-27T21:12:34.128Z DEBUG [rust_nes_emulator::cpu::cpu] 0x2C: BIT  ABSOLUTE        Bytes: 3, Cycles: 4, Oops cycle: No
2023-03-27T21:12:34.128Z DEBUG [rust_nes_emulator::mapper] Reading from MappedIO, address: 0x2002
2023-03-27T21:12:34.128Z DEBUG [rust_nes_emulator::cpu::cpu] Fetched absolute: 0x0
2023-03-27T21:12:34.129Z DEBUG [rust_nes_emulator::cpu::cpu] Tick, cycle: 32
2023-03-27T21:12:34.129Z DEBUG [rust_nes_emulator::cpu::cpu] A: 0x0,    X: 0x0, Y: 0x0, S: 0xFF,        PC: 0x800F,     P: NV-BDIZC 00100110
2023-03-27T21:12:34.129Z DEBUG [rust_nes_emulator::cpu::cpu] 0x10: BPL  RELATIVE        Bytes: 2, Cycles: 2, Oops cycle: Yes
2023-03-27T21:12:34.129Z DEBUG [rust_nes_emulator::cpu::cpu] Relative offset: -5
2023-03-27T21:12:34.129Z DEBUG [rust_nes_emulator::cpu::cpu] Tick, cycle: 34
2023-03-27T21:12:34.130Z DEBUG [rust_nes_emulator::cpu::cpu] A: 0x0,    X: 0x0, Y: 0x0, S: 0xFF,        PC: 0x800C,     P: NV-BDIZC 00100110
2023-03-27T21:12:34.130Z DEBUG [rust_nes_emulator::cpu::cpu] 0x2C: BIT  ABSOLUTE        Bytes: 3, Cycles: 4, Oops cycle: No
2023-03-27T21:12:34.130Z DEBUG [rust_nes_emulator::mapper] Reading from MappedIO, address: 0x2002
2023-03-27T21:12:34.130Z DEBUG [rust_nes_emulator::cpu::cpu] Fetched absolute: 0x0
2023-03-27T21:12:34.130Z DEBUG [rust_nes_emulator::cpu::cpu] Tick, cycle: 38
2023-03-27T21:12:34.131Z DEBUG [rust_nes_emulator::cpu::cpu] A: 0x0,    X: 0x0, Y: 0x0, S: 0xFF,        PC: 0x800F,     P: NV-BDIZC 00100110
2023-03-27T21:12:34.131Z DEBUG [rust_nes_emulator::cpu::cpu] 0x10: BPL  RELATIVE        Bytes: 2, Cycles: 2, Oops cycle: Yes
2023-03-27T21:12:34.131Z DEBUG [rust_nes_emulator::cpu::cpu] Relative offset: -5
2023-03-27T21:12:34.131Z DEBUG [rust_nes_emulator::cpu::cpu] Tick, cycle: 40
2023-03-27T21:12:34.131Z DEBUG [rust_nes_emulator::cpu::cpu] A: 0x0,    X: 0x0, Y: 0x0, S: 0xFF,        PC: 0x800C,     P: NV-BDIZC 00100110
2023-03-27T21:12:34.132Z DEBUG [rust_nes_emulator::cpu::cpu] 0x2C: BIT  ABSOLUTE        Bytes: 3, Cycles: 4, Oops cycle: No
2023-03-27T21:12:34.132Z DEBUG [rust_nes_emulator::mapper] Reading from MappedIO, address: 0x2002
2023-03-27T21:12:34.132Z DEBUG [rust_nes_emulator::cpu::cpu] Fetched absolute: 0x0